"drag-rfile"
"Time Step" "drag etc.."
("Time Step" "drag" "flow-time")
20241 0.1576155897492945 20.24100076293945
20242 0.1575548103198866 20.24200076293945
20243 0.1574948626120674 20.24300076293945
20244 0.1574351602248125 20.24400076293945
20245 0.1573748664619016 20.24500076293945
20246 0.1573147495689299 20.24600076293945
20247 0.1572553445081027 20.24700076293945
20248 0.1571972307619899 20.24800076293945
20249 0.1571399355641022 20.24900076293945
20250 0.1570834856562062 20.25000076293945
20251 0.1570284039112906 20.25100076293945
20252 0.1569734211223425 20.25200076293945
20253 0.1569204816730782 20.25300076293945
20254 0.1568682490785348 20.25400076293945
20255 0.1568174191877175 20.25500076293945
20256 0.1567676356850435 20.25600076293945
20257 0.156720891019977 20.25700076293945
20258 0.1566755953535118 20.25800076293945
20259 0.1566319388771891 20.25900076293945
20260 0.1565894018213095 20.26000076293945
20261 0.156552224465157 20.26100076293945
20262 0.1565083385533028 20.26200076293945
20263 0.1564714036167791 20.26300076293945
20264 0.1564352595094726 20.26400076293945
20265 0.1564024209313813 20.26500076293945
20266 0.1563707126587954 20.26600076293945
20267 0.1563408869909056 20.26700076293945
20268 0.1563133390561363 20.26800076293945
20269 0.1562898632083616 20.26900076293945
20270 0.1562682180383795 20.27000076293945
20271 0.1562436809983002 20.27100076293945
20272 0.1562230927094712 20.27200076293945
20273 0.1562036706949699 20.27300076293945
20274 0.1561907005640947 20.27400076293945
20275 0.1561824123910759 20.27500076293945
20276 0.1561723609986406 20.27600076293945
20277 0.156162523699014 20.27700076293945
20278 0.1561591823556238 20.27800076293945
20279 0.15615424543611 20.27900076293945
20280 0.1561513607490405 20.28000076293945
20281 0.1561563243333501 20.28100076293945
20282 0.1561618560669384 20.28200076293945
20283 0.1561634728071903 20.28300076293945
20284 0.1561727157390894 20.28400076293945
20285 0.1561829859056879 20.28500076293945
20286 0.1561924824969838 20.28600076293945
20287 0.1562049180134806 20.28700076293945
20288 0.1562220537205108 20.28800076293945
20289 0.156244001480719 20.28900076293945
20290 0.1562664740513487 20.29000076293945
20291 0.1562881791222053 20.29100076293945
20292 0.1563134835814199 20.29200076293945
20293 0.1563409615577803 20.29300076293945
20294 0.156375500517316 20.29400076293945
20295 0.1564084372243157 20.29500076293945
20296 0.1564421961681556 20.29600076293945
20297 0.1564792457104952 20.29700076293945
20298 0.156517777763034 20.29800076293945
20299 0.1565584001236475 20.29900076293945
20300 0.1565996329119727 20.30000076293945
20301 0.1566415197222435 20.30100076293945
20302 0.1566887577010636 20.30200076293945
20303 0.1567353590637244 20.30300076293945
20304 0.1567840247995252 20.30400076293945
20305 0.156833408139207 20.30500076293945
20306 0.1568846682610725 20.30600076293945
20307 0.1569362159719094 20.30700076293945
20308 0.1569891832048201 20.30800076293945
20309 0.1570457144195129 20.30900076293945
20310 0.1571019782382854 20.31000076293945
20311 0.1571592757403599 20.31100076293945
20312 0.1572165198677333 20.31200076293945
20313 0.1572743610477608 20.31300076293945
20314 0.1573333874121825 20.31400076293945
20315 0.1573914206266158 20.31500076293945
20316 0.1574516455381568 20.31600076293945
20317 0.1575102478395273 20.31700076293945
20318 0.1575692058618416 20.31800076293945
20319 0.1576286563043127 20.31900076293945
20320 0.1576894359061967 20.32000076293945
20321 0.1577475800641952 20.32100076293945
20322 0.1578067250042888 20.32200076293945
20323 0.1578645976713883 20.32300076293945
20324 0.1579240762985097 20.32400076293945
20325 0.1579829594652053 20.32500076293945
20326 0.1580415527171954 20.32600076293945
20327 0.1580986789781928 20.32700076293945
20328 0.1581582901300198 20.32800076293945
20329 0.1582163041262562 20.32900076293945
20330 0.1582742508579822 20.33000076293945
20331 0.1583330172724652 20.33100076293945
20332 0.1583890698639516 20.33200076293945
20333 0.1584435122597931 20.33300076293945
20334 0.1584994929486749 20.33400076293945
20335 0.1585514168522738 20.33500076293945
20336 0.1586072368314725 20.33600076293945
20337 0.1586594669715951 20.33700076293945
20338 0.1587093962759383 20.33800076293945
20339 0.1587579062391274 20.33900076293945
20340 0.1588022864933865 20.34000076293945
