"lift-rfile"
"Time Step" "lift etc.."
("Time Step" "lift" "flow-time")
20241 -0.01908837623974841 20.24100076293945
20242 -0.01829329813315726 20.24200076293945
20243 -0.01749084302638133 20.24300076293945
20244 -0.0166827751338216 20.24400076293945
20245 -0.01586885987313909 20.24500076293945
20246 -0.0150504378142003 20.24600076293945
20247 -0.01422638670312195 20.24700076293945
20248 -0.01339702937621956 20.24800076293945
20249 -0.01256269340677593 20.24900076293945
20250 -0.01172425512831761 20.25000076293945
20251 -0.01088063730480733 20.25100076293945
20252 -0.01003660449030383 20.25200076293945
20253 -0.009186734002724219 20.25300076293945
20254 -0.00833256921645256 20.25400076293945
20255 -0.007477692140618119 20.25500076293945
20256 -0.006617992629097584 20.25600076293945
20257 -0.005757551948370304 20.25700076293945
20258 -0.004895369302242472 20.25800076293945
20259 -0.004028996379791687 20.25900076293945
20260 -0.003163721388223361 20.26000076293945
20261 -0.002288904360897688 20.26100076293945
20262 -0.001432168019385539 20.26200076293945
20263 -0.0005551804655060597 20.26300076293945
20264 0.0003037930481918083 20.26400076293945
20265 0.001184692384583651 20.26500076293945
20266 0.002043104469750541 20.26600076293945
20267 0.00290587052270453 20.26700076293945
20268 0.003777838822293503 20.26800076293945
20269 0.004604931500043617 20.26900076293945
20270 0.005471152485829321 20.27000076293945
20271 0.006368611246756271 20.27100076293945
20272 0.007225019542836102 20.27200076293945
20273 0.008077304733823808 20.27300076293945
20274 0.00893437338512211 20.27400076293945
20275 0.00974027130616361 20.27500076293945
20276 0.01059355817734672 20.27600076293945
20277 0.01147732943097142 20.27700076293945
20278 0.01226976058660097 20.27800076293945
20279 0.0131542420092184 20.27900076293945
20280 0.013978118722462 20.28000076293945
20281 0.01476416285431043 20.28100076293945
20282 0.01558141554679324 20.28200076293945
20283 0.01644491504529767 20.28300076293945
20284 0.017199433526701 20.28400076293945
20285 0.01800434040765694 20.28500076293945
20286 0.01885362876347892 20.28600076293945
20287 0.01964021784264584 20.28700076293945
20288 0.02042475655796912 20.28800076293945
20289 0.02114474149765303 20.28900076293945
20290 0.02191126941947261 20.29000076293945
20291 0.02272170066581287 20.29100076293945
20292 0.02346984071044988 20.29200076293945
20293 0.02421495528314536 20.29300076293945
20294 0.02488090292499646 20.29400076293945
20295 0.02560785030323384 20.29500076293945
20296 0.02631909941730126 20.29600076293945
20297 0.02702318589113175 20.29700076293945
20298 0.0277165769635405 20.29800076293945
20299 0.02839739359290391 20.29900076293945
20300 0.02912847536865602 20.30000076293945
20301 0.02978173978714603 20.30100076293945
20302 0.03037037294823805 20.30200076293945
20303 0.03100724036397584 20.30300076293945
20304 0.03163077663616556 20.30400076293945
20305 0.03224275144474242 20.30500076293945
20306 0.032842004919424 20.30600076293945
20307 0.03349301551405901 20.30700076293945
20308 0.03400224629629552 20.30800076293945
20309 0.03456782092467586 20.30900076293945
20310 0.0351156516453517 20.31000076293945
20311 0.03565198662147842 20.31100076293945
20312 0.03617506962449782 20.31200076293945
20313 0.03668455897982394 20.31300076293945
20314 0.03718114718913615 20.31400076293945
20315 0.03766381442345731 20.31500076293945
20316 0.03813125172656082 20.31600076293945
20317 0.03858475646028676 20.31700076293945
20318 0.03902544701929186 20.31800076293945
20319 0.03944982876264116 20.31900076293945
20320 0.03986123923061519 20.32000076293945
20321 0.04025879730229447 20.32100076293945
20322 0.04064059496597738 20.32200076293945
20323 0.0409997115559559 20.32300076293945
20324 0.04135626122476882 20.32400076293945
20325 0.04169210970687219 20.32500076293945
20326 0.04200409941260977 20.32600076293945
20327 0.04231369263233632 20.32700076293945
20328 0.04259743098115143 20.32800076293945
20329 0.04287027651400933 20.32900076293945
20330 0.04312378012685356 20.33000076293945
20331 0.04335920801476785 20.33100076293945
20332 0.04358673529157377 20.33200076293945
20333 0.04378699186371628 20.33300076293945
20334 0.04398206798170524 20.33400076293945
20335 0.04415106228632226 20.33500076293945
20336 0.04430974008873165 20.33600076293945
20337 0.04445160233397692 20.33700076293945
20338 0.04457381979245319 20.33800076293945
20339 0.04474464712544223 20.33900076293945
20340 0.04476693931310335 20.34000076293945
